# JRE version: OpenJDK Runtime Environment (11.0.11+9) (build 11.0.11+9-Ubuntu-0ubuntu2.20.04)
# Java VM: OpenJDK 64-Bit Server VM (11.0.11+9-Ubuntu-0ubuntu2.20.04, mixed mode, sharing, tiered, compressed oops, parallel gc, linux-amd64)
Heap:
 PSYoungGen      total 134144K, used 113964K [0x00000000eab00000, 0x00000000f6180000, 0x0000000100000000)
  eden space 96256K, 79% used [0x00000000eab00000,0x00000000ef556370,0x00000000f0900000)
  from space 37888K, 99% used [0x00000000f0900000,0x00000000f2df4de8,0x00000000f2e00000)
  to   space 41984K, 0% used [0x00000000f3880000,0x00000000f3880000,0x00000000f6180000)
 ParOldGen       total 413184K, used 307021K [0x00000000c0000000, 0x00000000d9380000, 0x00000000eab00000)
  object space 413184K, 74% used [0x00000000c0000000,0x00000000d2bd3778,0x00000000d9380000)
 Metaspace       used 82206K, capacity 86195K, committed 86440K, reserved 1126400K
  class space    used 7508K, capacity 8921K, committed 8952K, reserved 1048576K
GC Heap History (20 events):
Event: 5622,684 GC heap before
{Heap before GC invocations=2042 (full 76):
 PSYoungGen      total 143872K, used 143397K [0x00000000eab00000, 0x00000000f6680000, 0x0000000100000000)
  eden space 121344K, 100% used [0x00000000eab00000,0x00000000f2180000,0x00000000f2180000)
  from space 22528K, 97% used [0x00000000f2180000,0x00000000f3709408,0x00000000f3780000)
  to   space 31744K, 0% used [0x00000000f4780000,0x00000000f4780000,0x00000000f6680000)
 ParOldGen       total 310784K, used 198092K [0x00000000c0000000, 0x00000000d2f80000, 0x00000000eab00000)
  object space 310784K, 63% used [0x00000000c0000000,0x00000000cc173028,0x00000000d2f80000)
 Metaspace       used 82115K, capacity 86131K, committed 86440K, reserved 1126400K
  class space    used 7505K, capacity 8921K, committed 8952K, reserved 1048576K
}
Event: 5623,282 GC heap after
{Heap after GC invocations=2042 (full 76):
 PSYoungGen      total 155648K, used 31731K [0x00000000eab00000, 0x00000000f7080000, 0x0000000100000000)
  eden space 123904K, 0% used [0x00000000eab00000,0x00000000eab00000,0x00000000f2400000)
  from space 31744K, 99% used [0x00000000f4780000,0x00000000f667cf48,0x00000000f6680000)
  to   space 36352K, 0% used [0x00000000f2400000,0x00000000f2400000,0x00000000f4780000)
 ParOldGen       total 310784K, used 199994K [0x00000000c0000000, 0x00000000d2f80000, 0x00000000eab00000)
  object space 310784K, 64% used [0x00000000c0000000,0x00000000cc34ead8,0x00000000d2f80000)
 Metaspace       used 82115K, capacity 86131K, committed 86440K, reserved 1126400K
  class space    used 7505K, capacity 8921K, committed 8952K, reserved 1048576K
}
Event: 5629,332 GC heap before
{Heap before GC invocations=2043 (full 76):
 PSYoungGen      total 155648K, used 155635K [0x00000000eab00000, 0x00000000f7080000, 0x0000000100000000)
  eden space 123904K, 100% used [0x00000000eab00000,0x00000000f2400000,0x00000000f2400000)
  from space 31744K, 99% used [0x00000000f4780000,0x00000000f667cf48,0x00000000f6680000)
  to   space 36352K, 0% used [0x00000000f2400000,0x00000000f2400000,0x00000000f4780000)
 ParOldGen       total 310784K, used 199994K [0x00000000c0000000, 0x00000000d2f80000, 0x00000000eab00000)
  object space 310784K, 64% used [0x00000000c0000000,0x00000000cc34ead8,0x00000000d2f80000)
 Metaspace       used 82118K, capacity 86131K, committed 86440K, reserved 1126400K
  class space    used 7505K, capacity 8921K, committed 8952K, reserved 1048576K
}
Event: 5629,733 GC heap after
{Heap after GC invocations=2043 (full 76):
 PSYoungGen      total 160256K, used 28283K [0x00000000eab00000, 0x00000000f6800000, 0x0000000100000000)
  eden space 123904K, 0% used [0x00000000eab00000,0x00000000eab00000,0x00000000f2400000)
  from space 36352K, 77% used [0x00000000f2400000,0x00000000f3f9eef8,0x00000000f4780000)
  to   space 30720K, 0% used [0x00000000f4a00000,0x00000000f4a00000,0x00000000f6800000)
 ParOldGen       total 310784K, used 218574K [0x00000000c0000000, 0x00000000d2f80000, 0x00000000eab00000)
  object space 310784K, 70% used [0x00000000c0000000,0x00000000cd573ac8,0x00000000d2f80000)
 Metaspace       used 82118K, capacity 86131K, committed 86440K, reserved 1126400K
  class space    used 7505K, capacity 8921K, committed 8952K, reserved 1048576K
}
Event: 5634,680 GC heap before
{Heap before GC invocations=2044 (full 76):
 PSYoungGen      total 160256K, used 152187K [0x00000000eab00000, 0x00000000f6800000, 0x0000000100000000)
  eden space 123904K, 100% used [0x00000000eab00000,0x00000000f2400000,0x00000000f2400000)
  from space 36352K, 77% used [0x00000000f2400000,0x00000000f3f9eef8,0x00000000f4780000)
  to   space 30720K, 0% used [0x00000000f4a00000,0x00000000f4a00000,0x00000000f6800000)
 ParOldGen       total 310784K, used 218712K [0x00000000c0000000, 0x00000000d2f80000, 0x00000000eab00000)
  object space 310784K, 70% used [0x00000000c0000000,0x00000000cd596218,0x00000000d2f80000)
 Metaspace       used 82120K, capacity 86131K, committed 86440K, reserved 1126400K
  class space    used 7505K, capacity 8921K, committed 8952K, reserved 1048576K
}
Event: 5635,258 GC heap after
{Heap after GC invocations=2044 (full 76):
 PSYoungGen      total 143360K, used 30715K [0x00000000eab00000, 0x00000000f8e00000, 0x0000000100000000)
  eden space 112640K, 0% used [0x00000000eab00000,0x00000000eab00000,0x00000000f1900000)
  from space 30720K, 99% used [0x00000000f4a00000,0x00000000f67fed60,0x00000000f6800000)
  to   space 50176K, 0% used [0x00000000f1900000,0x00000000f1900000,0x00000000f4a00000)
 ParOldGen       total 310784K, used 234800K [0x00000000c0000000, 0x00000000d2f80000, 0x00000000eab00000)
  object space 310784K, 75% used [0x00000000c0000000,0x00000000ce54c360,0x00000000d2f80000)
 Metaspace       used 82120K, capacity 86131K, committed 86440K, reserved 1126400K
  class space    used 7505K, capacity 8921K, committed 8952K, reserved 1048576K
}
Event: 5641,006 GC heap before
{Heap before GC invocations=2045 (full 76):
 PSYoungGen      total 143360K, used 143355K [0x00000000eab00000, 0x00000000f8e00000, 0x0000000100000000)
  eden space 112640K, 100% used [0x00000000eab00000,0x00000000f1900000,0x00000000f1900000)
  from space 30720K, 99% used [0x00000000f4a00000,0x00000000f67fed60,0x00000000f6800000)
  to   space 50176K, 0% used [0x00000000f1900000,0x00000000f1900000,0x00000000f4a00000)
 ParOldGen       total 310784K, used 234804K [0x00000000c0000000, 0x00000000d2f80000, 0x00000000eab00000)
  object space 310784K, 75% used [0x00000000c0000000,0x00000000ce54d180,0x00000000d2f80000)
 Metaspace       used 82151K, capacity 86131K, committed 86440K, reserved 1126400K
  class space    used 7505K, capacity 8921K, committed 8952K, reserved 1048576K
}
Event: 5641,557 GC heap after
{Heap after GC invocations=2045 (full 76):
 PSYoungGen      total 143872K, used 30801K [0x00000000eab00000, 0x00000000f6900000, 0x0000000100000000)
  eden space 112640K, 0% used [0x00000000eab00000,0x00000000eab00000,0x00000000f1900000)
  from space 31232K, 98% used [0x00000000f1900000,0x00000000f37146a0,0x00000000f3780000)
  to   space 36864K, 0% used [0x00000000f4500000,0x00000000f4500000,0x00000000f6900000)
 ParOldGen       total 310784K, used 251805K [0x00000000c0000000, 0x00000000d2f80000, 0x00000000eab00000)
  object space 310784K, 81% used [0x00000000c0000000,0x00000000cf5e76a0,0x00000000d2f80000)
 Metaspace       used 82151K, capacity 86131K, committed 86440K, reserved 1126400K
  class space    used 7505K, capacity 8921K, committed 8952K, reserved 1048576K
}
Event: 5643,921 GC heap before
{Heap before GC invocations=2046 (full 76):
 PSYoungGen      total 143872K, used 143441K [0x00000000eab00000, 0x00000000f6900000, 0x0000000100000000)
  eden space 112640K, 100% used [0x00000000eab00000,0x00000000f1900000,0x00000000f1900000)
  from space 31232K, 98% used [0x00000000f1900000,0x00000000f37146a0,0x00000000f3780000)
  to   space 36864K, 0% used [0x00000000f4500000,0x00000000f4500000,0x00000000f6900000)
 ParOldGen       total 310784K, used 251805K [0x00000000c0000000, 0x00000000d2f80000, 0x00000000eab00000)
  object space 310784K, 81% used [0x00000000c0000000,0x00000000cf5e76a0,0x00000000d2f80000)
 Metaspace       used 82155K, capacity 86131K, committed 86440K, reserved 1126400K
  class space    used 7505K, capacity 8921K, committed 8952K, reserved 1048576K
}
Event: 5644,488 GC heap after
{Heap after GC invocations=2046 (full 76):
 PSYoungGen      total 151040K, used 36857K [0x00000000eab00000, 0x00000000f7780000, 0x0000000100000000)
  eden space 114176K, 0% used [0x00000000eab00000,0x00000000eab00000,0x00000000f1a80000)
  from space 36864K, 99% used [0x00000000f4500000,0x00000000f68fe558,0x00000000f6900000)
  to   space 43520K, 0% used [0x00000000f1a80000,0x00000000f1a80000,0x00000000f4500000)
 ParOldGen       total 310784K, used 256409K [0x00000000c0000000, 0x00000000d2f80000, 0x00000000eab00000)
  object space 310784K, 82% used [0x00000000c0000000,0x00000000cfa664f8,0x00000000d2f80000)
 Metaspace       used 82155K, capacity 86131K, committed 86440K, reserved 1126400K
  class space    used 7505K, capacity 8921K, committed 8952K, reserved 1048576K
}
Event: 5648,353 GC heap before
{Heap before GC invocations=2047 (full 76):
 PSYoungGen      total 151040K, used 151033K [0x00000000eab00000, 0x00000000f7780000, 0x0000000100000000)
  eden space 114176K, 100% used [0x00000000eab00000,0x00000000f1a80000,0x00000000f1a80000)
  from space 36864K, 99% used [0x00000000f4500000,0x00000000f68fe558,0x00000000f6900000)
  to   space 43520K, 0% used [0x00000000f1a80000,0x00000000f1a80000,0x00000000f4500000)
 ParOldGen       total 310784K, used 256409K [0x00000000c0000000, 0x00000000d2f80000, 0x00000000eab00000)
  object space 310784K, 82% used [0x00000000c0000000,0x00000000cfa664f8,0x00000000d2f80000)
 Metaspace       used 82157K, capacity 86131K, committed 86440K, reserved 1126400K
  class space    used 7505K, capacity 8921K, committed 8952K, reserved 1048576K
}
Event: 5648,860 GC heap after
{Heap after GC invocations=2047 (full 76):
 PSYoungGen      total 132096K, used 17735K [0x00000000eab00000, 0x00000000f5800000, 0x0000000100000000)
  eden space 114176K, 0% used [0x00000000eab00000,0x00000000eab00000,0x00000000f1a80000)
  from space 17920K, 98% used [0x00000000f1a80000,0x00000000f2bd1db0,0x00000000f2c00000)
  to   space 26624K, 0% used [0x00000000f3e00000,0x00000000f3e00000,0x00000000f5800000)
 ParOldGen       total 310784K, used 286697K [0x00000000c0000000, 0x00000000d2f80000, 0x00000000eab00000)
  object space 310784K, 92% used [0x00000000c0000000,0x00000000d17fa708,0x00000000d2f80000)
 Metaspace       used 82157K, capacity 86131K, committed 86440K, reserved 1126400K
  class space    used 7505K, capacity 8921K, committed 8952K, reserved 1048576K
}
Event: 5648,860 GC heap before
{Heap before GC invocations=2048 (full 77):
 PSYoungGen      total 132096K, used 17735K [0x00000000eab00000, 0x00000000f5800000, 0x0000000100000000)
  eden space 114176K, 0% used [0x00000000eab00000,0x00000000eab00000,0x00000000f1a80000)
  from space 17920K, 98% used [0x00000000f1a80000,0x00000000f2bd1db0,0x00000000f2c00000)
  to   space 26624K, 0% used [0x00000000f3e00000,0x00000000f3e00000,0x00000000f5800000)
 ParOldGen       total 310784K, used 286697K [0x00000000c0000000, 0x00000000d2f80000, 0x00000000eab00000)
  object space 310784K, 92% used [0x00000000c0000000,0x00000000d17fa708,0x00000000d2f80000)
 Metaspace       used 82157K, capacity 86131K, committed 86440K, reserved 1126400K
  class space    used 7505K, capacity 8921K, committed 8952K, reserved 1048576K
}
Event: 5654,460 GC heap after
{Heap after GC invocations=2048 (full 77):
 PSYoungGen      total 150528K, used 0K [0x00000000eab00000, 0x00000000f5880000, 0x0000000100000000)
  eden space 123904K, 0% used [0x00000000eab00000,0x00000000eab00000,0x00000000f2400000)
  from space 26624K, 0% used [0x00000000f3e00000,0x00000000f3e00000,0x00000000f5800000)
  to   space 26624K, 0% used [0x00000000f2400000,0x00000000f2400000,0x00000000f3e00000)
 ParOldGen       total 413184K, used 275692K [0x00000000c0000000, 0x00000000d9380000, 0x00000000eab00000)
  object space 413184K, 66% used [0x00000000c0000000,0x00000000d0d3b0f8,0x00000000d9380000)
 Metaspace       used 82157K, capacity 86131K, committed 86440K, reserved 1126400K
  class space    used 7505K, capacity 8921K, committed 8952K, reserved 1048576K
}
Event: 5659,053 GC heap before
{Heap before GC invocations=2049 (full 77):
 PSYoungGen      total 150528K, used 123904K [0x00000000eab00000, 0x00000000f5880000, 0x0000000100000000)
  eden space 123904K, 100% used [0x00000000eab00000,0x00000000f2400000,0x00000000f2400000)
  from space 26624K, 0% used [0x00000000f3e00000,0x00000000f3e00000,0x00000000f5800000)
  to   space 26624K, 0% used [0x00000000f2400000,0x00000000f2400000,0x00000000f3e00000)
 ParOldGen       total 413184K, used 275692K [0x00000000c0000000, 0x00000000d9380000, 0x00000000eab00000)
  object space 413184K, 66% used [0x00000000c0000000,0x00000000d0d3b0f8,0x00000000d9380000)
 Metaspace       used 82160K, capacity 86131K, committed 86440K, reserved 1126400K
  class space    used 7505K, capacity 8921K, committed 8952K, reserved 1048576K
}
Event: 5659,211 GC heap after
{Heap after GC invocations=2049 (full 77):
 PSYoungGen      total 150528K, used 15794K [0x00000000eab00000, 0x00000000f5180000, 0x0000000100000000)
  eden space 123904K, 0% used [0x00000000eab00000,0x00000000eab00000,0x00000000f2400000)
  from space 26624K, 59% used [0x00000000f2400000,0x00000000f336c9a8,0x00000000f3e00000)
  to   space 18432K, 0% used [0x00000000f3f80000,0x00000000f3f80000,0x00000000f5180000)
 ParOldGen       total 413184K, used 275692K [0x00000000c0000000, 0x00000000d9380000, 0x00000000eab00000)
  object space 413184K, 66% used [0x00000000c0000000,0x00000000d0d3b0f8,0x00000000d9380000)
 Metaspace       used 82160K, capacity 86131K, committed 86440K, reserved 1126400K
  class space    used 7505K, capacity 8921K, committed 8952K, reserved 1048576K
}
Event: 5665,974 GC heap before
{Heap before GC invocations=2050 (full 77):
 PSYoungGen      total 150528K, used 139698K [0x00000000eab00000, 0x00000000f5180000, 0x0000000100000000)
  eden space 123904K, 100% used [0x00000000eab00000,0x00000000f2400000,0x00000000f2400000)
  from space 26624K, 59% used [0x00000000f2400000,0x00000000f336c9a8,0x00000000f3e00000)
  to   space 18432K, 0% used [0x00000000f3f80000,0x00000000f3f80000,0x00000000f5180000)
 ParOldGen       total 413184K, used 275692K [0x00000000c0000000, 0x00000000d9380000, 0x00000000eab00000)
  object space 413184K, 66% used [0x00000000c0000000,0x00000000d0d3b0f8,0x00000000d9380000)
 Metaspace       used 82171K, capacity 86195K, committed 86440K, reserved 1126400K
  class space    used 7506K, capacity 8921K, committed 8952K, reserved 1048576K
}
Event: 5666,394 GC heap after
{Heap after GC invocations=2050 (full 77):
 PSYoungGen      total 114688K, used 18412K [0x00000000eab00000, 0x00000000f9a00000, 0x0000000100000000)
  eden space 96256K, 0% used [0x00000000eab00000,0x00000000eab00000,0x00000000f0900000)
  from space 18432K, 99% used [0x00000000f3f80000,0x00000000f517b178,0x00000000f5180000)
  to   space 55808K, 0% used [0x00000000f0900000,0x00000000f0900000,0x00000000f3f80000)
 ParOldGen       total 413184K, used 307021K [0x00000000c0000000, 0x00000000d9380000, 0x00000000eab00000)
  object space 413184K, 74% used [0x00000000c0000000,0x00000000d2bd3778,0x00000000d9380000)
 Metaspace       used 82171K, capacity 86195K, committed 86440K, reserved 1126400K
  class space    used 7506K, capacity 8921K, committed 8952K, reserved 1048576K
}
Event: 5670,715 GC heap before
{Heap before GC invocations=2051 (full 77):
 PSYoungGen      total 114688K, used 114666K [0x00000000eab00000, 0x00000000f9a00000, 0x0000000100000000)
  eden space 96256K, 99% used [0x00000000eab00000,0x00000000f08ff708,0x00000000f0900000)
  from space 18432K, 99% used [0x00000000f3f80000,0x00000000f517b178,0x00000000f5180000)
  to   space 55808K, 0% used [0x00000000f0900000,0x00000000f0900000,0x00000000f3f80000)
 ParOldGen       total 413184K, used 307021K [0x00000000c0000000, 0x00000000d9380000, 0x00000000eab00000)
  object space 413184K, 74% used [0x00000000c0000000,0x00000000d2bd3778,0x00000000d9380000)
 Metaspace       used 82173K, capacity 86195K, committed 86440K, reserved 1126400K
  class space    used 7506K, capacity 8921K, committed 8952K, reserved 1048576K
}
Event: 5670,905 GC heap after
{Heap after GC invocations=2051 (full 77):
 PSYoungGen      total 134144K, used 37843K [0x00000000eab00000, 0x00000000f6180000, 0x0000000100000000)
  eden space 96256K, 0% used [0x00000000eab00000,0x00000000eab00000,0x00000000f0900000)
  from space 37888K, 99% used [0x00000000f0900000,0x00000000f2df4de8,0x00000000f2e00000)
  to   space 41984K, 0% used [0x00000000f3880000,0x00000000f3880000,0x00000000f6180000)
 ParOldGen       total 413184K, used 307021K [0x00000000c0000000, 0x00000000d9380000, 0x00000000eab00000)
  object space 413184K, 74% used [0x00000000c0000000,0x00000000d2bd3778,0x00000000d9380000)
 Metaspace       used 82173K, capacity 86195K, committed 86440K, reserved 1126400K
  class space    used 7506K, capacity 8921K, committed 8952K, reserved 1048576K
}

